<?xml version="1.0" encoding="UTF-8"?>
<!-- Generated by org.testng.reporters.JUnitReportReporter -->
<testsuite hostname="DESKTOP-AI7MBNV" name="testcases.TC001_LoginLogOut" tests="2" failures="0" timestamp="19 Jan 2018 16:29:28 GMT" time="56.645" errors="0">
  <testcase name="logInLogOut" time="33.245" classname="testcases.TC001_LoginLogOut"/>
  <testcase name="logInLogOut" time="23.400" classname="testcases.TC001_LoginLogOut"/>
</testsuite> <!-- testcases.TC001_LoginLogOut -->
